<?xml version="1.0" encoding="UTF-8"?>
<!-- Generated by org.testng.reporters.JUnitReportReporter -->
<testsuite hostname="DESKTOP-CHOC1BO" failures="0" tests="5" name="com.herokuapp.theinternet.ExceptionsTests" time="8.629" errors="0" timestamp="2023-10-19T15:19:40 PDT" skipped="4">
  <testcase classname="com.herokuapp.theinternet.ExceptionsTests" name="timeoutExceptionTest" time="8.629"/>
  <testcase classname="com.herokuapp.theinternet.ExceptionsTests" name="elementNotInteractableTest">
    <skipped/>
  </testcase> <!-- elementNotInteractableTest -->
  <testcase classname="com.herokuapp.theinternet.ExceptionsTests" name="staleElementReferenceExceptionTest">
    <skipped/>
  </testcase> <!-- staleElementReferenceExceptionTest -->
  <testcase classname="com.herokuapp.theinternet.ExceptionsTests" name="noSuchElementTest">
    <skipped/>
  </testcase> <!-- noSuchElementTest -->
  <testcase classname="com.herokuapp.theinternet.ExceptionsTests" name="invalidElementStateExceptionTest">
    <skipped/>
  </testcase> <!-- invalidElementStateExceptionTest -->
</testsuite> <!-- com.herokuapp.theinternet.ExceptionsTests -->
